TN:
SF:src/index.js
FN:6,(anonymous_0)
FN:10,(anonymous_1)
FN:16,(anonymous_2)
FN:18,(anonymous_3)
FN:37,(anonymous_4)
FNF:5
FNH:5
FNDA:2,(anonymous_0)
FNDA:2,(anonymous_1)
FNDA:1,(anonymous_2)
FNDA:5,(anonymous_3)
FNDA:1,(anonymous_4)
DA:6,1
DA:7,2
DA:10,1
DA:11,2
DA:12,2
DA:13,2
DA:16,1
DA:17,1
DA:18,1
DA:19,5
DA:20,1
DA:22,4
DA:23,2
DA:25,2
DA:26,1
DA:28,1
DA:34,1
DA:37,1
DA:38,1
DA:39,1
DA:40,1
LF:21
LH:21
BRDA:19,0,0,1
BRDA:19,0,1,4
BRDA:22,1,0,2
BRDA:22,1,1,2
BRDA:25,2,0,1
BRDA:25,2,1,1
BRF:6
BRH:6
end_of_record
TN:
SF:src/parse.js
FN:1,(anonymous_0)
FNF:1
FNH:1
FNDA:2,(anonymous_0)
DA:1,1
DA:2,2
LF:2
LH:2
BRF:0
BRH:0
end_of_record
